  Player.cpp
C:\Users\polfo\PANG-VJ-Q2-23-24\Projecte\pang\Player.cpp(193,23): warning C4244: '+=': conversión de 'float' a 'T'; posible pérdida de datos
C:\Users\polfo\PANG-VJ-Q2-23-24\Projecte\pang\Player.cpp(193,23): warning C4244:         with
C:\Users\polfo\PANG-VJ-Q2-23-24\Projecte\pang\Player.cpp(193,23): warning C4244:         [
C:\Users\polfo\PANG-VJ-Q2-23-24\Projecte\pang\Player.cpp(193,23): warning C4244:             T=int
C:\Users\polfo\PANG-VJ-Q2-23-24\Projecte\pang\Player.cpp(193,23): warning C4244:         ]
C:\Users\polfo\PANG-VJ-Q2-23-24\Projecte\pang\Player.cpp(197,24): warning C4244: '-=': conversión de 'float' a 'T'; posible pérdida de datos
C:\Users\polfo\PANG-VJ-Q2-23-24\Projecte\pang\Player.cpp(197,24): warning C4244:         with
C:\Users\polfo\PANG-VJ-Q2-23-24\Projecte\pang\Player.cpp(197,24): warning C4244:         [
C:\Users\polfo\PANG-VJ-Q2-23-24\Projecte\pang\Player.cpp(197,24): warning C4244:             T=int
C:\Users\polfo\PANG-VJ-Q2-23-24\Projecte\pang\Player.cpp(197,24): warning C4244:         ]
C:\Users\polfo\PANG-VJ-Q2-23-24\Projecte\pang\Player.cpp(203,24): warning C4244: '-=': conversión de 'float' a 'T'; posible pérdida de datos
C:\Users\polfo\PANG-VJ-Q2-23-24\Projecte\pang\Player.cpp(203,24): warning C4244:         with
C:\Users\polfo\PANG-VJ-Q2-23-24\Projecte\pang\Player.cpp(203,24): warning C4244:         [
C:\Users\polfo\PANG-VJ-Q2-23-24\Projecte\pang\Player.cpp(203,24): warning C4244:             T=int
C:\Users\polfo\PANG-VJ-Q2-23-24\Projecte\pang\Player.cpp(203,24): warning C4244:         ]
C:\Users\polfo\PANG-VJ-Q2-23-24\Projecte\pang\Player.cpp(208,26): warning C4305: '-=': truncamiento de 'double' a 'float'
C:\Users\polfo\PANG-VJ-Q2-23-24\Projecte\pang\Player.cpp(210,26): warning C4305: '+=': truncamiento de 'double' a 'float'
C:\Users\polfo\PANG-VJ-Q2-23-24\Projecte\pang\Player.cpp(223,26): warning C4305: '+=': truncamiento de 'double' a 'float'
C:\Users\polfo\PANG-VJ-Q2-23-24\Projecte\pang\Player.cpp(244,26): warning C4305: '-=': truncamiento de 'double' a 'float'
C:\Users\polfo\PANG-VJ-Q2-23-24\Projecte\pang\Player.cpp(353,19): warning C4244: 'inicializando': conversión de 'int' a 'float'; posible pérdida de datos
SOIL.lib(SOIL.obj) : warning LNK4075: se omite '/EDITANDCONTINUE' debido a la especificación '/OPT:ICF'
LINK : warning LNK4098: la biblioteca predeterminada'MSVCRTD' entra en conflicto con otras bibliotecas; use la biblioteca /NODEFAULTLIB:biblioteca
  Generando código
  1 of 1367 functions (<0.1%) were compiled, the rest were copied from previous compilation.
    0 functions were new in current compilation
    6 functions had inline decision re-evaluated but remain unchanged
  Generación de código finalizada
SOIL.lib(image_DXT.obj) : warning LNK4099: no se encontró PDB '' con 'SOIL.lib(image_DXT.obj)' o en ''; se vinculará el objeto sin tener en cuenta información de depuración
SOIL.lib(image_helper.obj) : warning LNK4099: no se encontró PDB '' con 'SOIL.lib(image_helper.obj)' o en ''; se vinculará el objeto sin tener en cuenta información de depuración
SOIL.lib(SOIL.obj) : warning LNK4099: no se encontró PDB '' con 'SOIL.lib(SOIL.obj)' o en ''; se vinculará el objeto sin tener en cuenta información de depuración
SOIL.lib(stb_image_aug.obj) : warning LNK4099: no se encontró PDB '' con 'SOIL.lib(stb_image_aug.obj)' o en ''; se vinculará el objeto sin tener en cuenta información de depuración
  pang.vcxproj -> C:\Users\polfo\PANG-VJ-Q2-23-24\Projecte\Release\pang.exe
