  Arpon.cpp
C:\Users\polfo\PANG-VJ-Q2-23-24\Projecte\pang\Arpon.cpp(27,16): warning C4305: '+=': truncamiento de 'double' a 'float'
C:\Users\polfo\PANG-VJ-Q2-23-24\Projecte\pang\Arpon.cpp(31,102): warning C4806: '==': operación no segura: ningún valor del tipo 'bool' promovido al tipo 'int' puede igualar la constante proporcionada
  Ball.cpp
  BallManager.cpp
  Food.cpp
C:\Users\polfo\PANG-VJ-Q2-23-24\Projecte\pang\Food.cpp(58,16): warning C4244: '+=': conversión de 'float' a 'T'; posible pérdida de datos
C:\Users\polfo\PANG-VJ-Q2-23-24\Projecte\pang\Food.cpp(58,16): warning C4244:         with
C:\Users\polfo\PANG-VJ-Q2-23-24\Projecte\pang\Food.cpp(58,16): warning C4244:         [
C:\Users\polfo\PANG-VJ-Q2-23-24\Projecte\pang\Food.cpp(58,16): warning C4244:             T=int
C:\Users\polfo\PANG-VJ-Q2-23-24\Projecte\pang\Food.cpp(58,16): warning C4244:         ]
  Game.cpp
C:\Users\polfo\PANG-VJ-Q2-23-24\Projecte\pang\Game.cpp(1,10): warning C4067: símbolos (token) inesperados después de la directiva del preprocesador; se esperaba una nueva línea
  Level.cpp
  Menu.cpp
  Player.cpp
C:\Users\polfo\PANG-VJ-Q2-23-24\Projecte\pang\Player.cpp(193,23): warning C4244: '+=': conversión de 'float' a 'T'; posible pérdida de datos
C:\Users\polfo\PANG-VJ-Q2-23-24\Projecte\pang\Player.cpp(193,23): warning C4244:         with
C:\Users\polfo\PANG-VJ-Q2-23-24\Projecte\pang\Player.cpp(193,23): warning C4244:         [
C:\Users\polfo\PANG-VJ-Q2-23-24\Projecte\pang\Player.cpp(193,23): warning C4244:             T=int
C:\Users\polfo\PANG-VJ-Q2-23-24\Projecte\pang\Player.cpp(193,23): warning C4244:         ]
C:\Users\polfo\PANG-VJ-Q2-23-24\Projecte\pang\Player.cpp(197,24): warning C4244: '-=': conversión de 'float' a 'T'; posible pérdida de datos
C:\Users\polfo\PANG-VJ-Q2-23-24\Projecte\pang\Player.cpp(197,24): warning C4244:         with
C:\Users\polfo\PANG-VJ-Q2-23-24\Projecte\pang\Player.cpp(197,24): warning C4244:         [
C:\Users\polfo\PANG-VJ-Q2-23-24\Projecte\pang\Player.cpp(197,24): warning C4244:             T=int
C:\Users\polfo\PANG-VJ-Q2-23-24\Projecte\pang\Player.cpp(197,24): warning C4244:         ]
C:\Users\polfo\PANG-VJ-Q2-23-24\Projecte\pang\Player.cpp(203,24): warning C4244: '-=': conversión de 'float' a 'T'; posible pérdida de datos
C:\Users\polfo\PANG-VJ-Q2-23-24\Projecte\pang\Player.cpp(203,24): warning C4244:         with
C:\Users\polfo\PANG-VJ-Q2-23-24\Projecte\pang\Player.cpp(203,24): warning C4244:         [
C:\Users\polfo\PANG-VJ-Q2-23-24\Projecte\pang\Player.cpp(203,24): warning C4244:             T=int
C:\Users\polfo\PANG-VJ-Q2-23-24\Projecte\pang\Player.cpp(203,24): warning C4244:         ]
C:\Users\polfo\PANG-VJ-Q2-23-24\Projecte\pang\Player.cpp(208,26): warning C4305: '-=': truncamiento de 'double' a 'float'
C:\Users\polfo\PANG-VJ-Q2-23-24\Projecte\pang\Player.cpp(210,26): warning C4305: '+=': truncamiento de 'double' a 'float'
C:\Users\polfo\PANG-VJ-Q2-23-24\Projecte\pang\Player.cpp(223,26): warning C4305: '+=': truncamiento de 'double' a 'float'
C:\Users\polfo\PANG-VJ-Q2-23-24\Projecte\pang\Player.cpp(244,26): warning C4305: '-=': truncamiento de 'double' a 'float'
C:\Users\polfo\PANG-VJ-Q2-23-24\Projecte\pang\Player.cpp(353,19): warning C4244: 'inicializando': conversión de 'int' a 'float'; posible pérdida de datos
  Powerup.cpp
C:\Users\polfo\PANG-VJ-Q2-23-24\Projecte\pang\Powerup.cpp(58,18): warning C4244: '+=': conversión de 'float' a 'T'; posible pérdida de datos
C:\Users\polfo\PANG-VJ-Q2-23-24\Projecte\pang\Powerup.cpp(58,18): warning C4244:         with
C:\Users\polfo\PANG-VJ-Q2-23-24\Projecte\pang\Powerup.cpp(58,18): warning C4244:         [
C:\Users\polfo\PANG-VJ-Q2-23-24\Projecte\pang\Powerup.cpp(58,18): warning C4244:             T=int
C:\Users\polfo\PANG-VJ-Q2-23-24\Projecte\pang\Powerup.cpp(58,18): warning C4244:         ]
  PowerupsManager.cpp
  Quad.cpp
  Scene.cpp
C:\Users\polfo\PANG-VJ-Q2-23-24\Projecte\pang\Scene.cpp(312,133): warning C4244: 'argumento': conversión de 'double' a 'int'; posible pérdida de datos
C:\Users\polfo\PANG-VJ-Q2-23-24\Projecte\pang\Scene.cpp(313,145): warning C4244: 'argumento': conversión de 'double' a 'int'; posible pérdida de datos
C:\Users\polfo\PANG-VJ-Q2-23-24\Projecte\pang\Scene.cpp(322,126): warning C4244: 'argumento': conversión de 'double' a 'int'; posible pérdida de datos
C:\Users\polfo\PANG-VJ-Q2-23-24\Projecte\pang\Scene.cpp(323,145): warning C4244: 'argumento': conversión de 'double' a 'int'; posible pérdida de datos
C:\Users\polfo\PANG-VJ-Q2-23-24\Projecte\pang\Scene.cpp(356,179): warning C4244: 'argumento': conversión de 'float' a 'int'; posible pérdida de datos
C:\Users\polfo\PANG-VJ-Q2-23-24\Projecte\pang\Scene.cpp(363,129): warning C4244: 'argumento': conversión de 'double' a 'int'; posible pérdida de datos
C:\Users\polfo\PANG-VJ-Q2-23-24\Projecte\pang\Scene.cpp(364,127): warning C4244: 'argumento': conversión de 'double' a 'int'; posible pérdida de datos
C:\Users\polfo\PANG-VJ-Q2-23-24\Projecte\pang\Scene.cpp(365,140): warning C4244: 'argumento': conversión de 'double' a 'int'; posible pérdida de datos
C:\Users\polfo\PANG-VJ-Q2-23-24\Projecte\pang\Scene.cpp(366,121): warning C4244: 'argumento': conversión de 'double' a 'int'; posible pérdida de datos
C:\Users\polfo\PANG-VJ-Q2-23-24\Projecte\pang\Scene.cpp(376,116): warning C4244: 'argumento': conversión de 'double' a 'int'; posible pérdida de datos
C:\Users\polfo\PANG-VJ-Q2-23-24\Projecte\pang\Scene.cpp(380,115): warning C4244: 'argumento': conversión de 'double' a 'int'; posible pérdida de datos
C:\Users\polfo\PANG-VJ-Q2-23-24\Projecte\pang\Scene.cpp(383,134): warning C4244: 'argumento': conversión de 'double' a 'int'; posible pérdida de datos
C:\Users\polfo\PANG-VJ-Q2-23-24\Projecte\pang\Scene.cpp(388,159): warning C4244: 'argumento': conversión de 'double' a 'int'; posible pérdida de datos
C:\Users\polfo\PANG-VJ-Q2-23-24\Projecte\pang\Scene.cpp(389,162): warning C4244: 'argumento': conversión de 'double' a 'int'; posible pérdida de datos
C:\Users\polfo\PANG-VJ-Q2-23-24\Projecte\pang\Scene.cpp(396,127): warning C4244: 'argumento': conversión de 'double' a 'int'; posible pérdida de datos
C:\Users\polfo\PANG-VJ-Q2-23-24\Projecte\pang\Scene.cpp(405,126): warning C4244: 'argumento': conversión de 'double' a 'int'; posible pérdida de datos
C:\Users\polfo\PANG-VJ-Q2-23-24\Projecte\pang\Scene.cpp(406,145): warning C4244: 'argumento': conversión de 'double' a 'int'; posible pérdida de datos
  Shader.cpp
  ShaderProgram.cpp
  ShaderProgramManager.cpp
  SoundManager.cpp
  Sprite.cpp
  Text.cpp
  Texture.cpp
  TexturedQuad.cpp
  Generando código...
  Compilando...
  TileMap.cpp
C:\Users\polfo\PANG-VJ-Q2-23-24\Projecte\pang\TileMap.cpp(306,22): warning C4018: '<': no coinciden signed/unsigned
C:\Users\polfo\PANG-VJ-Q2-23-24\Projecte\pang\TileMap.cpp(458,21): warning C4018: '<': no coinciden signed/unsigned
C:\Users\polfo\PANG-VJ-Q2-23-24\Projecte\pang\TileMap.cpp(472,21): warning C4018: '<': no coinciden signed/unsigned
C:\Users\polfo\PANG-VJ-Q2-23-24\Projecte\pang\TileMap.cpp(486,21): warning C4018: '<': no coinciden signed/unsigned
C:\Users\polfo\PANG-VJ-Q2-23-24\Projecte\pang\TileMap.cpp(505,20): warning C4018: '<': no coinciden signed/unsigned
C:\Users\polfo\PANG-VJ-Q2-23-24\Projecte\pang\TileMap.cpp(509,20): warning C4018: '<': no coinciden signed/unsigned
C:\Users\polfo\PANG-VJ-Q2-23-24\Projecte\pang\TileMap.cpp(513,20): warning C4018: '<': no coinciden signed/unsigned
C:\Users\polfo\PANG-VJ-Q2-23-24\Projecte\pang\TileMap.cpp(522,20): warning C4018: '<': no coinciden signed/unsigned
  main.cpp
  Generando código...
LINK : warning LNK4098: la biblioteca predeterminada'MSVCRT' entra en conflicto con otras bibliotecas; use la biblioteca /NODEFAULTLIB:biblioteca
SOIL.lib(image_DXT.obj) : warning LNK4099: no se encontró PDB '' con 'SOIL.lib(image_DXT.obj)' o en ''; se vinculará el objeto sin tener en cuenta información de depuración
SOIL.lib(image_helper.obj) : warning LNK4099: no se encontró PDB '' con 'SOIL.lib(image_helper.obj)' o en ''; se vinculará el objeto sin tener en cuenta información de depuración
SOIL.lib(SOIL.obj) : warning LNK4099: no se encontró PDB '' con 'SOIL.lib(SOIL.obj)' o en ''; se vinculará el objeto sin tener en cuenta información de depuración
SOIL.lib(stb_image_aug.obj) : warning LNK4099: no se encontró PDB '' con 'SOIL.lib(stb_image_aug.obj)' o en ''; se vinculará el objeto sin tener en cuenta información de depuración
  pang.vcxproj -> C:\Users\polfo\PANG-VJ-Q2-23-24\Projecte\Debug\pang.exe
