c:\users\gorka\documents\gorka\uni\q6\vj\pang2\pang-vj-q2-23-24\projecte\pang\debug\vc143.pdb
c:\users\gorka\documents\gorka\uni\q6\vj\pang2\pang-vj-q2-23-24\projecte\pang\debug\vc143.idb
c:\users\gorka\documents\gorka\uni\q6\vj\pang2\pang-vj-q2-23-24\projecte\pang\debug\tilemap.obj
c:\users\gorka\documents\gorka\uni\q6\vj\pang2\pang-vj-q2-23-24\projecte\pang\debug\texturedquad.obj
c:\users\gorka\documents\gorka\uni\q6\vj\pang2\pang-vj-q2-23-24\projecte\pang\debug\texture.obj
c:\users\gorka\documents\gorka\uni\q6\vj\pang2\pang-vj-q2-23-24\projecte\pang\debug\text.obj
c:\users\gorka\documents\gorka\uni\q6\vj\pang2\pang-vj-q2-23-24\projecte\pang\debug\sprite.obj
c:\users\gorka\documents\gorka\uni\q6\vj\pang2\pang-vj-q2-23-24\projecte\pang\debug\shaderprogrammanager.obj
c:\users\gorka\documents\gorka\uni\q6\vj\pang2\pang-vj-q2-23-24\projecte\pang\debug\shaderprogram.obj
c:\users\gorka\documents\gorka\uni\q6\vj\pang2\pang-vj-q2-23-24\projecte\pang\debug\shader.obj
c:\users\gorka\documents\gorka\uni\q6\vj\pang2\pang-vj-q2-23-24\projecte\pang\debug\scene.obj
c:\users\gorka\documents\gorka\uni\q6\vj\pang2\pang-vj-q2-23-24\projecte\pang\debug\quad.obj
c:\users\gorka\documents\gorka\uni\q6\vj\pang2\pang-vj-q2-23-24\projecte\pang\debug\player.obj
c:\users\gorka\documents\gorka\uni\q6\vj\pang2\pang-vj-q2-23-24\projecte\pang\debug\menu.obj
c:\users\gorka\documents\gorka\uni\q6\vj\pang2\pang-vj-q2-23-24\projecte\pang\debug\main.obj
c:\users\gorka\documents\gorka\uni\q6\vj\pang2\pang-vj-q2-23-24\projecte\pang\debug\level.obj
c:\users\gorka\documents\gorka\uni\q6\vj\pang2\pang-vj-q2-23-24\projecte\pang\debug\game.obj
c:\users\gorka\documents\gorka\uni\q6\vj\pang2\pang-vj-q2-23-24\projecte\pang\debug\ballmanager.obj
c:\users\gorka\documents\gorka\uni\q6\vj\pang2\pang-vj-q2-23-24\projecte\pang\debug\ball.obj
c:\users\gorka\documents\gorka\uni\q6\vj\pang2\pang-vj-q2-23-24\projecte\pang\debug\arpon.obj
c:\users\gorka\documents\gorka\uni\q6\vj\pang2\pang-vj-q2-23-24\projecte\debug\pang.exe
c:\users\gorka\documents\gorka\uni\q6\vj\pang2\pang-vj-q2-23-24\projecte\debug\pang.pdb
c:\users\gorka\documents\gorka\uni\q6\vj\pang2\pang-vj-q2-23-24\projecte\pang\debug\pang.res
c:\users\gorka\documents\gorka\uni\q6\vj\pang2\pang-vj-q2-23-24\projecte\pang\debug\pang.ilk
c:\users\gorka\documents\gorka\uni\q6\vj\pang2\pang-vj-q2-23-24\projecte\pang\debug\pang.tlog\cl.command.1.tlog
c:\users\gorka\documents\gorka\uni\q6\vj\pang2\pang-vj-q2-23-24\projecte\pang\debug\pang.tlog\cl.items.tlog
c:\users\gorka\documents\gorka\uni\q6\vj\pang2\pang-vj-q2-23-24\projecte\pang\debug\pang.tlog\cl.read.1.tlog
c:\users\gorka\documents\gorka\uni\q6\vj\pang2\pang-vj-q2-23-24\projecte\pang\debug\pang.tlog\cl.write.1.tlog
c:\users\gorka\documents\gorka\uni\q6\vj\pang2\pang-vj-q2-23-24\projecte\pang\debug\pang.tlog\link.command.1.tlog
c:\users\gorka\documents\gorka\uni\q6\vj\pang2\pang-vj-q2-23-24\projecte\pang\debug\pang.tlog\link.read.1.tlog
c:\users\gorka\documents\gorka\uni\q6\vj\pang2\pang-vj-q2-23-24\projecte\pang\debug\pang.tlog\link.secondary.1.tlog
c:\users\gorka\documents\gorka\uni\q6\vj\pang2\pang-vj-q2-23-24\projecte\pang\debug\pang.tlog\link.write.1.tlog
c:\users\gorka\documents\gorka\uni\q6\vj\pang2\pang-vj-q2-23-24\projecte\pang\debug\pang.tlog\rc.command.1.tlog
c:\users\gorka\documents\gorka\uni\q6\vj\pang2\pang-vj-q2-23-24\projecte\pang\debug\pang.tlog\rc.read.1.tlog
c:\users\gorka\documents\gorka\uni\q6\vj\pang2\pang-vj-q2-23-24\projecte\pang\debug\pang.tlog\rc.write.1.tlog
